<?xml version="1.0" encoding="UTF-8"?>
<!-- Generated by org.testng.reporters.JUnitReportReporter -->
<testsuite skipped="7" hostname="Arun" name="com.xfactor.test.MyXfactorHomeTest" tests="8" failures="0" timestamp="2020-11-09T22:50:18 IST" time="0.002" errors="1">
  <testcase name="preTest" time="0.002" classname="com.xfactor.test.MyXfactorHomeTest">
    <error type="java.lang.NoClassDefFoundError" message="org/apache/http/HttpRequest">
      <![CDATA[java.lang.NoClassDefFoundError: org/apache/http/HttpRequest
at java.lang.ClassLoader.defineClass1(Native Method)
at java.lang.ClassLoader.defineClass(ClassLoader.java:763)
at java.security.SecureClassLoader.defineClass(SecureClassLoader.java:142)
at java.net.URLClassLoader.defineClass(URLClassLoader.java:467)
at java.net.URLClassLoader.access$100(URLClassLoader.java:73)
at java.net.URLClassLoader$1.run(URLClassLoader.java:368)
at java.net.URLClassLoader$1.run(URLClassLoader.java:362)
at java.security.AccessController.doPrivileged(Native Method)
at java.net.URLClassLoader.findClass(URLClassLoader.java:361)
at java.lang.ClassLoader.loadClass(ClassLoader.java:424)
at sun.misc.Launcher$AppClassLoader.loadClass(Launcher.java:349)
at java.lang.ClassLoader.loadClass(ClassLoader.java:357)
at java.lang.ClassLoader.defineClass1(Native Method)
at java.lang.ClassLoader.defineClass(ClassLoader.java:763)
at java.security.SecureClassLoader.defineClass(SecureClassLoader.java:142)
at java.net.URLClassLoader.defineClass(URLClassLoader.java:467)
at java.net.URLClassLoader.access$100(URLClassLoader.java:73)
at java.net.URLClassLoader$1.run(URLClassLoader.java:368)
at java.net.URLClassLoader$1.run(URLClassLoader.java:362)
at java.security.AccessController.doPrivileged(Native Method)
at java.net.URLClassLoader.findClass(URLClassLoader.java:361)
at java.lang.ClassLoader.loadClass(ClassLoader.java:424)
at sun.misc.Launcher$AppClassLoader.loadClass(Launcher.java:349)
at java.lang.ClassLoader.loadClass(ClassLoader.java:357)
at com.xfactor.generics.BrowserFactory.launchBrowser(BrowserFactory.java:21)
at com.xfactor.generics.BaseTest.preTest(BaseTest.java:24)
at sun.reflect.NativeMethodAccessorImpl.invoke0(Native Method)
at sun.reflect.NativeMethodAccessorImpl.invoke(NativeMethodAccessorImpl.java:62)
at sun.reflect.DelegatingMethodAccessorImpl.invoke(DelegatingMethodAccessorImpl.java:43)
at java.lang.reflect.Method.invoke(Method.java:498)
at org.testng.internal.MethodInvocationHelper.invokeMethod(MethodInvocationHelper.java:134)
at org.testng.internal.MethodInvocationHelper.invokeMethodConsideringTimeout(MethodInvocationHelper.java:63)
at org.testng.internal.ConfigInvoker.invokeConfigurationMethod(ConfigInvoker.java:348)
at org.testng.internal.ConfigInvoker.invokeConfigurations(ConfigInvoker.java:302)
at org.testng.TestRunner.invokeTestConfigurations(TestRunner.java:619)
at org.testng.TestRunner.beforeRun(TestRunner.java:609)
at org.testng.TestRunner.run(TestRunner.java:580)
at org.testng.SuiteRunner.runTest(SuiteRunner.java:384)
at org.testng.SuiteRunner.runSequentially(SuiteRunner.java:378)
at org.testng.SuiteRunner.privateRun(SuiteRunner.java:337)
at org.testng.SuiteRunner.run(SuiteRunner.java:286)
at org.testng.SuiteRunnerWorker.runSuite(SuiteRunnerWorker.java:53)
at org.testng.SuiteRunnerWorker.run(SuiteRunnerWorker.java:96)
at org.testng.TestNG.runSuitesSequentially(TestNG.java:1187)
at org.testng.TestNG.runSuitesLocally(TestNG.java:1109)
at org.testng.TestNG.runSuites(TestNG.java:1039)
at org.testng.TestNG.run(TestNG.java:1007)
at org.apache.maven.surefire.testng.TestNGExecutor.run(TestNGExecutor.java:283)
at org.apache.maven.surefire.testng.TestNGXmlTestSuite.execute(TestNGXmlTestSuite.java:75)
at org.apache.maven.surefire.testng.TestNGProvider.invoke(TestNGProvider.java:120)
at org.apache.maven.surefire.booter.ForkedBooter.runSuitesInProcess(ForkedBooter.java:377)
at org.apache.maven.surefire.booter.ForkedBooter.execute(ForkedBooter.java:138)
at org.apache.maven.surefire.booter.ForkedBooter.run(ForkedBooter.java:465)
at org.apache.maven.surefire.booter.ForkedBooter.main(ForkedBooter.java:451)
Caused by: java.lang.ClassNotFoundException: org.apache.http.HttpRequest
at java.net.URLClassLoader.findClass(URLClassLoader.java:381)
at java.lang.ClassLoader.loadClass(ClassLoader.java:424)
at sun.misc.Launcher$AppClassLoader.loadClass(Launcher.java:349)
at java.lang.ClassLoader.loadClass(ClassLoader.java:357)
... 54 more
]]>
    </error>
  </testcase> <!-- preTest -->
  <system-out/>
  <testcase name="displayXfactorHomePage" time="0.000" classname="com.xfactor.test.MyXfactorHomeTest">
    <skipped/>
  </testcase> <!-- displayXfactorHomePage -->
  <system-out>
searchingAllOpportunitiesBySource has started   </system-out>
  <testcase name="searchingAllOpportunitiesBySource" time="0.000" classname="com.xfactor.test.MyXfactorHomeTest">
    <skipped/>
  </testcase> <!-- searchingAllOpportunitiesBySource -->
  <system-out>
searchingAllActiveOpportunitiesBySource has started   </system-out>
  <testcase name="searchingAllActiveOpportunitiesBySource" time="0.000" classname="com.xfactor.test.MyXfactorHomeTest">
    <skipped/>
  </testcase> <!-- searchingAllActiveOpportunitiesBySource -->
  <system-out>
searchingAllHistoricOpportunitiesBySource has started   </system-out>
  <testcase name="searchingAllHistoricOpportunitiesBySource" time="0.000" classname="com.xfactor.test.MyXfactorHomeTest">
    <skipped/>
  </testcase> <!-- searchingAllHistoricOpportunitiesBySource -->
  <system-out>
searchingAllOpportunitiesByCategory has started   </system-out>
  <testcase name="searchingAllOpportunitiesByCategory" time="0.000" classname="com.xfactor.test.MyXfactorHomeTest">
    <skipped/>
  </testcase> <!-- searchingAllOpportunitiesByCategory -->
  <system-out>
searchingAllActiveOpportunitiesByCategory has started   </system-out>
  <testcase name="searchingAllActiveOpportunitiesByCategory" time="0.000" classname="com.xfactor.test.MyXfactorHomeTest">
    <skipped/>
  </testcase> <!-- searchingAllActiveOpportunitiesByCategory -->
  <system-out>
searchingAllHistoricOpportunitiesByCategory has started   </system-out>
  <testcase name="searchingAllHistoricOpportunitiesByCategory" time="0.000" classname="com.xfactor.test.MyXfactorHomeTest">
    <skipped/>
  </testcase> <!-- searchingAllHistoricOpportunitiesByCategory -->
  <system-out>
MyXfactorHome has finished it's execution Mon Nov 09 22:50:18 IST 2020  </system-out>
</testsuite> <!-- com.xfactor.test.MyXfactorHomeTest -->
